<?xml version="1.0" encoding="UTF-8"?>
<!-- Generated by org.testng.reporters.JUnitXMLReporter -->
<testsuite ignored="3" hostname="Harshgiris-MacBook-Pro.local" failures="1" tests="1" name="POM_Dynamic_Logout_Timeout" time="15.868" errors="0" timestamp="2019-12-30T16:57:27 NZDT">
  <testcase classname="com.herokuapp.theinternet.loginpagetests.NegativeLoginTests" name="negativeTest" time="8.749">
    <failure type="org.openqa.selenium.TimeoutException" message="Expected condition failed: waiting for visibility of element located by By.id: finish (tried for 7 second(s) with 500 milliseconds interval)
Build info: version: &amp;apos;3.141.59&amp;apos;, revision: &amp;apos;e82be7d358&amp;apos;, time: &amp;apos;2018-11-14T08:17:03&amp;apos;
System info: host: &amp;apos;Harshgiris-MacBook-Pro.local&amp;apos;, ip: &amp;apos;fe80:0:0:0:1443:65db:e9e5:27c7%en0&amp;apos;, os.name: &amp;apos;Mac OS X&amp;apos;, os.arch: &amp;apos;x86_64&amp;apos;, os.version: &amp;apos;10.14.6&amp;apos;, java.version: &amp;apos;13.0.1&amp;apos;
Driver info: org.openqa.selenium.chrome.ChromeDriver
Capabilities {acceptInsecureCerts: false, browserName: chrome, browserVersion: 79.0.3945.88, chrome: {chromedriverVersion: 78.0.3904.105 (60e2d8774a81..., userDataDir: /var/folders/ng/938npx5x79q...}, goog:chromeOptions: {debuggerAddress: localhost:51459}, javascriptEnabled: true, networkConnectionEnabled: false, pageLoadStrategy: normal, platform: MAC, platformName: MAC, proxy: Proxy(), setWindowRect: true, strictFileInteractability: false, timeouts: {implicit: 0, pageLoad: 300000, script: 30000}, unhandledPromptBehavior: dismiss and notify}
Session ID: 700e89ee5cb671d23fd727a814f140bb">
      <![CDATA[org.openqa.selenium.TimeoutException: Expected condition failed: waiting for visibility of element located by By.id: finish (tried for 7 second(s) with 500 milliseconds interval)
Build info: version: '3.141.59', revision: 'e82be7d358', time: '2018-11-14T08:17:03'
System info: host: 'Harshgiris-MacBook-Pro.local', ip: 'fe80:0:0:0:1443:65db:e9e5:27c7%en0', os.name: 'Mac OS X', os.arch: 'x86_64', os.version: '10.14.6', java.version: '13.0.1'
Driver info: org.openqa.selenium.chrome.ChromeDriver
Capabilities {acceptInsecureCerts: false, browserName: chrome, browserVersion: 79.0.3945.88, chrome: {chromedriverVersion: 78.0.3904.105 (60e2d8774a81..., userDataDir: /var/folders/ng/938npx5x79q...}, goog:chromeOptions: {debuggerAddress: localhost:51459}, javascriptEnabled: true, networkConnectionEnabled: false, pageLoadStrategy: normal, platform: MAC, platformName: MAC, proxy: Proxy(), setWindowRect: true, strictFileInteractability: false, timeouts: {implicit: 0, pageLoad: 300000, script: 30000}, unhandledPromptBehavior: dismiss and notify}
Session ID: 700e89ee5cb671d23fd727a814f140bb
at org.openqa.selenium.support.ui.WebDriverWait.timeoutException(WebDriverWait.java:95)
at org.openqa.selenium.support.ui.FluentWait.until(FluentWait.java:272)
at com.herokuapp.theinternet.pages.BasePageObject.waitFor(BasePageObject.java:53)
at com.herokuapp.theinternet.pages.BasePageObject.waitForVisibilityOf(BasePageObject.java:61)
at com.herokuapp.theinternet.pages.DynamicLoadingExample1Page.waitForText(DynamicLoadingExample1Page.java:20)
at com.herokuapp.theinternet.loginpagetests.NegativeLoginTests.negativeTest(NegativeLoginTests.java:34)
at java.base/java.util.ArrayList.forEach(ArrayList.java:1507)
at java.base/java.util.concurrent.FutureTask.run(FutureTask.java:264)
at java.base/java.util.concurrent.ThreadPoolExecutor.runWorker(ThreadPoolExecutor.java:1128)
at java.base/java.util.concurrent.ThreadPoolExecutor$Worker.run(ThreadPoolExecutor.java:628)
at java.base/java.lang.Thread.run(Thread.java:830)
... Removed 18 stack frames]]>
    </failure>
  </testcase> <!-- negativeTest -->
  <testcase classname="com.herokuapp.theinternet.loginpagetests.NegativeLoginTests" name="dynamic_Loading_Timeout" time="0.0">
    <ignored/>
  </testcase> <!-- dynamic_Loading_Timeout -->
  <testcase classname="com.herokuapp.theinternet.loginpagetests.NegativeLoginTests" name="stale_Element_Test_Exception" time="0.0">
    <ignored/>
  </testcase> <!-- stale_Element_Test_Exception -->
  <testcase classname="com.herokuapp.theinternet.loginpagetests.NegativeLoginTests" name="disabled_Element_Exception" time="0.0">
    <ignored/>
  </testcase> <!-- disabled_Element_Exception -->
</testsuite> <!-- POM_Dynamic_Logout_Timeout -->
