<?xml version="1.0" encoding="UTF-8"?>
<!-- Generated by org.testng.reporters.JUnitXMLReporter -->
<testsuite ignored="8" hostname="Harshgiris-MacBook-Pro.local" failures="1" tests="1" name="KeyPress_Test" time="5.975" errors="0" timestamp="2020-01-09T00:38:50 NZDT">
  <testcase classname="com.herokuapp.theinternet.loginpagetests.PositiveLoginTests" name="keyPressTest" time="1.21">
    <failure type="java.lang.AssertionError" message="The result text does not match the expected key press result did not expect to find [true] but found [false]">
      <![CDATA[java.lang.AssertionError: The result text does not match the expected key press result did not expect to find [true] but found [false]
at com.herokuapp.theinternet.loginpagetests.PositiveLoginTests.keyPressTest(PositiveLoginTests.java:292)
at java.base/java.util.ArrayList.forEach(ArrayList.java:1507)
... Removed 30 stack frames]]>
    </failure>
  </testcase> <!-- keyPressTest -->
  <testcase classname="com.herokuapp.theinternet.loginpagetests.PositiveLoginTests" name="dropdownTest" time="0.0">
    <ignored/>
  </testcase> <!-- dropdownTest -->
  <testcase classname="com.herokuapp.theinternet.loginpagetests.PositiveLoginTests" name="iFrameTest" time="0.0">
    <ignored/>
  </testcase> <!-- iFrameTest -->
  <testcase classname="com.herokuapp.theinternet.loginpagetests.PositiveLoginTests" name="jsConfirmAlertTest" time="0.0">
    <ignored/>
  </testcase> <!-- jsConfirmAlertTest -->
  <testcase classname="com.herokuapp.theinternet.loginpagetests.PositiveLoginTests" name="logInTest" time="0.0">
    <ignored/>
  </testcase> <!-- logInTest -->
  <testcase classname="com.herokuapp.theinternet.loginpagetests.PositiveLoginTests" name="jsPromptAlertTest" time="0.0">
    <ignored/>
  </testcase> <!-- jsPromptAlertTest -->
  <testcase classname="com.herokuapp.theinternet.loginpagetests.PositiveLoginTests" name="checkboxesTest" time="0.0">
    <ignored/>
  </testcase> <!-- checkboxesTest -->
  <testcase classname="com.herokuapp.theinternet.loginpagetests.PositiveLoginTests" name="multipleWindowTest" time="0.0">
    <ignored/>
  </testcase> <!-- multipleWindowTest -->
  <testcase classname="com.herokuapp.theinternet.loginpagetests.PositiveLoginTests" name="jsAlertTest" time="0.0">
    <ignored/>
  </testcase> <!-- jsAlertTest -->
</testsuite> <!-- KeyPress_Test -->
